<?xml version="1.0" encoding="UTF-8"?>
<!-- Generated by org.testng.reporters.JUnitXMLReporter -->
<testsuite hostname="DESKTOP-VNJV7O5" ignored="1" name="Default test" tests="1" failures="0" timestamp="2020-06-26T22:31:46 IST" time="46.868" errors="0">
  <testcase name="verifyProductAdded" time="33.023" classname="com.retail.testsuite.Retail_TestCase"/>
  <testcase name="addMultipleCategories" time="0.0" classname="com.retail.testsuite.Retail_TestCase">
    <ignored/>
  </testcase> <!-- addMultipleCategories -->
</testsuite> <!-- Default test -->
