<?xml version="1.0" encoding="UTF-8"?>
<!-- Generated by org.testng.reporters.JUnitXMLReporter -->
<testsuite hostname="DESKTOP-VNJV7O5" ignored="1" name="Test" tests="1" failures="0" timestamp="2020-06-23T11:33:20 IST" time="24.896" errors="0">
  <testcase name="addMultipleCategories" time="11.167" classname="com.retail.testsuite.Retail_TestCase"/>
  <testcase name="verifyProductAdded" time="0.0" classname="com.retail.testsuite.Retail_TestCase">
    <ignored/>
  </testcase> <!-- verifyProductAdded -->
</testsuite> <!-- Test -->
