<?xml version="1.0" encoding="UTF-8"?>
<testng-results skipped="0" failed="0" ignored="1" total="2" passed="1">
  <reporter-output>
    <line>
      <![CDATA[STEP1]]>
    </line>
    <line>
      <![CDATA[STEP2]]>
    </line>
    <line>
      <![CDATA[STEP3]]>
    </line>
    <line>
      <![CDATA[STEP4]]>
    </line>
    <line>
      <![CDATA[STEP5]]>
    </line>
    <line>
      <![CDATA[STEP6]]>
    </line>
    <line>
      <![CDATA[STEP7]]>
    </line>
    <line>
      <![CDATA[STEP8]]>
    </line>
    <line>
      <![CDATA[STEP9]]>
    </line>
    <line>
      <![CDATA[STEP10]]>
    </line>
    <line>
      <![CDATA[STEP11]]>
    </line>
    <line>
      <![CDATA[STEP12]]>
    </line>
    <line>
      <![CDATA[STEP13]]>
    </line>
    <line>
      <![CDATA[STEP14]]>
    </line>
    <line>
      <![CDATA[STEP15]]>
    </line>
    <line>
      <![CDATA[STEP16]]>
    </line>
    <line>
      <![CDATA[STEP17]]>
    </line>
    <line>
      <![CDATA[STEP18]]>
    </line>
    <line>
      <![CDATA[STEP19]]>
    </line>
    <line>
      <![CDATA[STEP20]]>
    </line>
  </reporter-output>
  <suite name="Default suite" duration-ms="41638" started-at="2020-06-26T22:04:19 IST" finished-at="2020-06-26T22:05:01 IST">
    <groups>
    </groups>
    <test name="Default test" duration-ms="41638" started-at="2020-06-26T22:04:19 IST" finished-at="2020-06-26T22:05:01 IST">
      <class name="com.retail.testsuite.Retail_TestCase">
        <test-method status="PASS" signature="launch()[pri:0, instance:com.retail.testsuite.Retail_TestCase@c0c23b81]" name="launch" is-config="true" duration-ms="6786" started-at="2020-06-26T22:04:19 IST" finished-at="2020-06-26T22:04:26 IST">
          <reporter-output>
            <line>
              <![CDATA[STEP1]]>
            </line>
          </reporter-output>
        </test-method> <!-- launch -->
        <test-method status="PASS" signature="loadUrl()[pri:0, instance:com.retail.testsuite.Retail_TestCase@c0c23b81]" name="loadUrl" is-config="true" duration-ms="4572" started-at="2020-06-26T22:04:26 IST" finished-at="2020-06-26T22:04:31 IST">
          <reporter-output>
            <line>
              <![CDATA[STEP2]]>
            </line>
            <line>
              <![CDATA[STEP3]]>
            </line>
          </reporter-output>
        </test-method> <!-- loadUrl -->
        <test-method status="PASS" signature="verifyProductAdded([Ljava.lang.String;)[pri:1, instance:com.retail.testsuite.Retail_TestCase@c0c23b81]" name="verifyProductAdded" duration-ms="29140" started-at="2020-06-26T22:04:31 IST" data-provider="addProduct" finished-at="2020-06-26T22:05:00 IST">
          <params>
            <param index="0">
              <value>
                <![CDATA[[Ljava.lang.String;@84977f2a]]>
              </value>
            </param>
          </params>
          <reporter-output>
            <line>
              <![CDATA[STEP4]]>
            </line>
            <line>
              <![CDATA[STEP5]]>
            </line>
            <line>
              <![CDATA[STEP6]]>
            </line>
            <line>
              <![CDATA[STEP7]]>
            </line>
            <line>
              <![CDATA[STEP8]]>
            </line>
            <line>
              <![CDATA[STEP9]]>
            </line>
            <line>
              <![CDATA[STEP10]]>
            </line>
            <line>
              <![CDATA[STEP11]]>
            </line>
            <line>
              <![CDATA[STEP12]]>
            </line>
            <line>
              <![CDATA[STEP13]]>
            </line>
            <line>
              <![CDATA[STEP14]]>
            </line>
            <line>
              <![CDATA[STEP15]]>
            </line>
            <line>
              <![CDATA[STEP16]]>
            </line>
            <line>
              <![CDATA[STEP17]]>
            </line>
            <line>
              <![CDATA[STEP18]]>
            </line>
            <line>
              <![CDATA[STEP19]]>
            </line>
          </reporter-output>
        </test-method> <!-- verifyProductAdded -->
        <test-method status="PASS" signature="close()[pri:0, instance:com.retail.testsuite.Retail_TestCase@c0c23b81]" name="close" is-config="true" duration-ms="1063" started-at="2020-06-26T22:05:00 IST" finished-at="2020-06-26T22:05:01 IST">
          <reporter-output>
            <line>
              <![CDATA[STEP20]]>
            </line>
          </reporter-output>
        </test-method> <!-- close -->
      </class> <!-- com.retail.testsuite.Retail_TestCase -->
    </test> <!-- Default test -->
  </suite> <!-- Default suite -->
</testng-results>
